------------------------------------------------------------------------------------------------------------------------------------------------------------------
|                                                 Adam Apple's Schedule for the week of 2017-10-01 to 2017-11-05                                                 |
------------------------------------------------------------------------------------------------------------------------------------------------------------------
|        Sunday        |        Monday        |       Tuesday        |      Wednesday       |       Thursday       |        Friday        |       Saturday       |
------------------------------------------------------------------------------------------------------------------------------------------------------------------
|      2017-10-01      |      2017-10-02      |      2017-10-03      |                      |      2017-10-05      |      2017-10-06      |                      |
| 19:00:00 - 07:00:00  | 23:00:00 - 07:00:00  | 15:00:00 - 23:00:00  |         OFF          | 07:00:00 - 15:00:00  | 23:00:00 - 07:00:00  |         OFF          |
|        OR,NP         |       QUAR,NP        |        OR,NP         |                      |       PSYCH,NP       |        ICU,NP        |                      |
------------------------------------------------------------------------------------------------------------------------------------------------------------------
|                      |      2017-10-09      |      2017-10-10      |      2017-10-11      |      2017-10-12      |      2017-10-13      |                      |
|         OFF          | 07:00:00 - 15:00:00  | 15:00:00 - 23:00:00  | 07:00:00 - 15:00:00  | 23:00:00 - 07:00:00  | 15:00:00 - 23:00:00  |         OFF          |
|                      |        ICU,NP        |        OR,NP         |       QUAR,NP        |       QUAR,NP        |        MAT,NP        |                      |
------------------------------------------------------------------------------------------------------------------------------------------------------------------
|      2017-10-15      |                      |      2017-10-17      |      2017-10-18      |      2017-10-19      |                      |      2017-10-21      |
| 07:00:00 - 19:00:00  |         OFF          | 07:00:00 - 15:00:00  | 23:00:00 - 07:00:00  | 07:00:00 - 15:00:00  |         OFF          | 07:00:00 - 19:00:00  |
|        OR,NP         |                      |        OR,NP         |       QUAR,NP        |        ICU,NP        |                      |        OR,NP         |
------------------------------------------------------------------------------------------------------------------------------------------------------------------
|      2017-10-22      |      2017-10-23      |      2017-10-24      |                      |      2017-10-26      |      2017-10-27      |                      |
| 19:00:00 - 07:00:00  | 15:00:00 - 23:00:00  | 23:00:00 - 07:00:00  |         OFF          | 23:00:00 - 07:00:00  | 15:00:00 - 23:00:00  |         OFF          |
|        ER,NP         |        OR,NP         |        ER,NP         |                      |       PSYCH,NP       |        ER,NP         |                      |
------------------------------------------------------------------------------------------------------------------------------------------------------------------
|                      |      2017-10-30      |      2017-10-31      |                      |      2017-11-02      |      2017-11-03      |      2017-11-04      |
|         OFF          | 07:00:00 - 15:00:00  | 23:00:00 - 07:00:00  |         OFF          | 23:00:00 - 07:00:00  | 23:00:00 - 07:00:00  | 19:00:00 - 07:00:00  |
|                      |        OR,NP         |        ICU,NP        |                      |        ICU,NP        |       QUAR,NP        |        OR,NP         |
------------------------------------------------------------------------------------------------------------------------------------------------------------------
|      2017-11-05      |                      |      2017-11-07      |      2017-11-08      |                      |      2017-11-10      |      2017-11-11      |
| 07:00:00 - 19:00:00  |         OFF          | 23:00:00 - 07:00:00  | 23:00:00 - 07:00:00  |         OFF          | 23:00:00 - 07:00:00  | 07:00:00 - 19:00:00  |
|        MAT,NP        |                      |        MAT,NP        |        MAT,NP        |                      |        ER,NP         |        ICU,NP        |
------------------------------------------------------------------------------------------------------------------------------------------------------------------
--------------------------------------------------------------------------
|                  ER needs for the week of 2017-10-01                   |
--------------------------------------------------------------------------
|    Date    | Day | Shift Start | Shift End | Department | Role  | Need |
--------------------------------------------------------------------------
| 2017-10-01 | SUN |  07:00:00   | 19:00:00  |     ER     |  RN   |  2   |
| 2017-10-01 | SUN |  07:00:00   | 19:00:00  |     ER     |  LPN  |  2   |
| 2017-10-01 | SUN |  07:00:00   | 19:00:00  |     ER     |  NP   |  2   |
| 2017-10-01 | SUN |  07:00:00   | 19:00:00  |     ER     |  CNS  |  2   |
| 2017-10-01 | SUN |  07:00:00   | 19:00:00  |     ER     |  NA   |  2   |
| 2017-10-01 | SUN |  19:00:00   | 07:00:00  |     ER     |  RN   |  2   |
| 2017-10-01 | SUN |  19:00:00   | 07:00:00  |     ER     |  LPN  |  3   |
| 2017-10-01 | SUN |  19:00:00   | 07:00:00  |     ER     |  NP   |  2   |
| 2017-10-01 | SUN |  19:00:00   | 07:00:00  |     ER     |  CNS  |  3   |
| 2017-10-01 | SUN |  19:00:00   | 07:00:00  |     ER     |  NA   |  3   |
| 2017-10-02 | MON |  07:00:00   | 15:00:00  |     ER     |  RN   |  3   |
| 2017-10-02 | MON |  07:00:00   | 15:00:00  |     ER     |  LPN  |  2   |
| 2017-10-02 | MON |  07:00:00   | 15:00:00  |     ER     |  NP   |  2   |
| 2017-10-02 | MON |  07:00:00   | 15:00:00  |     ER     |  CNS  |  3   |
| 2017-10-02 | MON |  07:00:00   | 15:00:00  |     ER     |  NA   |  3   |
| 2017-10-02 | MON |  15:00:00   | 23:00:00  |     ER     |  RN   |  3   |
| 2017-10-02 | MON |  15:00:00   | 23:00:00  |     ER     |  LPN  |  3   |
| 2017-10-02 | MON |  15:00:00   | 23:00:00  |     ER     |  NP   |  2   |
| 2017-10-02 | MON |  15:00:00   | 23:00:00  |     ER     |  CNS  |  3   |
| 2017-10-02 | MON |  15:00:00   | 23:00:00  |     ER     |  NA   |  3   |
| 2017-10-02 | MON |  23:00:00   | 07:00:00  |     ER     |  RN   |  3   |
| 2017-10-02 | MON |  23:00:00   | 07:00:00  |     ER     |  LPN  |  3   |
| 2017-10-02 | MON |  23:00:00   | 07:00:00  |     ER     |  NP   |  3   |
| 2017-10-02 | MON |  23:00:00   | 07:00:00  |     ER     |  CNS  |  2   |
| 2017-10-02 | MON |  23:00:00   | 07:00:00  |     ER     |  NA   |  2   |
| 2017-10-03 | TUE |  07:00:00   | 15:00:00  |     ER     |  RN   |  3   |
| 2017-10-03 | TUE |  07:00:00   | 15:00:00  |     ER     |  LPN  |  3   |
| 2017-10-03 | TUE |  07:00:00   | 15:00:00  |     ER     |  NP   |  3   |
| 2017-10-03 | TUE |  07:00:00   | 15:00:00  |     ER     |  CNS  |  2   |
| 2017-10-03 | TUE |  07:00:00   | 15:00:00  |     ER     |  NA   |  2   |
| 2017-10-03 | TUE |  15:00:00   | 23:00:00  |     ER     |  RN   |  3   |
| 2017-10-03 | TUE |  15:00:00   | 23:00:00  |     ER     |  LPN  |  3   |
| 2017-10-03 | TUE |  15:00:00   | 23:00:00  |     ER     |  NP   |  2   |
| 2017-10-03 | TUE |  15:00:00   | 23:00:00  |     ER     |  CNS  |  2   |
| 2017-10-03 | TUE |  15:00:00   | 23:00:00  |     ER     |  NA   |  3   |
| 2017-10-03 | TUE |  23:00:00   | 07:00:00  |     ER     |  RN   |  3   |
| 2017-10-03 | TUE |  23:00:00   | 07:00:00  |     ER     |  LPN  |  3   |
| 2017-10-03 | TUE |  23:00:00   | 07:00:00  |     ER     |  NP   |  2   |
| 2017-10-03 | TUE |  23:00:00   | 07:00:00  |     ER     |  CNS  |  3   |
| 2017-10-03 | TUE |  23:00:00   | 07:00:00  |     ER     |  NA   |  3   |
| 2017-10-04 | WED |  07:00:00   | 15:00:00  |     ER     |  RN   |  2   |
| 2017-10-04 | WED |  07:00:00   | 15:00:00  |     ER     |  LPN  |  2   |
| 2017-10-04 | WED |  07:00:00   | 15:00:00  |     ER     |  NP   |  3   |
| 2017-10-04 | WED |  07:00:00   | 15:00:00  |     ER     |  CNS  |  2   |
| 2017-10-04 | WED |  07:00:00   | 15:00:00  |     ER     |  NA   |  2   |
| 2017-10-04 | WED |  15:00:00   | 23:00:00  |     ER     |  RN   |  2   |
| 2017-10-04 | WED |  15:00:00   | 23:00:00  |     ER     |  LPN  |  3   |
| 2017-10-04 | WED |  15:00:00   | 23:00:00  |     ER     |  NP   |  2   |
| 2017-10-04 | WED |  15:00:00   | 23:00:00  |     ER     |  CNS  |  3   |
| 2017-10-04 | WED |  15:00:00   | 23:00:00  |     ER     |  NA   |  3   |
| 2017-10-04 | WED |  23:00:00   | 07:00:00  |     ER     |  RN   |  2   |
| 2017-10-04 | WED |  23:00:00   | 07:00:00  |     ER     |  LPN  |  2   |
| 2017-10-04 | WED |  23:00:00   | 07:00:00  |     ER     |  NP   |  3   |
| 2017-10-04 | WED |  23:00:00   | 07:00:00  |     ER     |  CNS  |  3   |
| 2017-10-04 | WED |  23:00:00   | 07:00:00  |     ER     |  NA   |  3   |
| 2017-10-05 | THU |  07:00:00   | 15:00:00  |     ER     |  RN   |  3   |
| 2017-10-05 | THU |  07:00:00   | 15:00:00  |     ER     |  LPN  |  2   |
| 2017-10-05 | THU |  07:00:00   | 15:00:00  |     ER     |  NP   |  3   |
| 2017-10-05 | THU |  07:00:00   | 15:00:00  |     ER     |  CNS  |  2   |
| 2017-10-05 | THU |  07:00:00   | 15:00:00  |     ER     |  NA   |  2   |
| 2017-10-05 | THU |  15:00:00   | 23:00:00  |     ER     |  RN   |  2   |
| 2017-10-05 | THU |  15:00:00   | 23:00:00  |     ER     |  LPN  |  2   |
| 2017-10-05 | THU |  15:00:00   | 23:00:00  |     ER     |  NP   |  2   |
| 2017-10-05 | THU |  15:00:00   | 23:00:00  |     ER     |  CNS  |  3   |
| 2017-10-05 | THU |  15:00:00   | 23:00:00  |     ER     |  NA   |  2   |
| 2017-10-05 | THU |  23:00:00   | 07:00:00  |     ER     |  RN   |  2   |
| 2017-10-05 | THU |  23:00:00   | 07:00:00  |     ER     |  LPN  |  3   |
| 2017-10-05 | THU |  23:00:00   | 07:00:00  |     ER     |  NP   |  2   |
| 2017-10-05 | THU |  23:00:00   | 07:00:00  |     ER     |  CNS  |  3   |
| 2017-10-05 | THU |  23:00:00   | 07:00:00  |     ER     |  NA   |  2   |
| 2017-10-06 | FRI |  07:00:00   | 15:00:00  |     ER     |  RN   |  2   |
| 2017-10-06 | FRI |  07:00:00   | 15:00:00  |     ER     |  LPN  |  3   |
| 2017-10-06 | FRI |  07:00:00   | 15:00:00  |     ER     |  NP   |  2   |
| 2017-10-06 | FRI |  07:00:00   | 15:00:00  |     ER     |  CNS  |  2   |
| 2017-10-06 | FRI |  07:00:00   | 15:00:00  |     ER     |  NA   |  2   |
| 2017-10-06 | FRI |  15:00:00   | 23:00:00  |     ER     |  RN   |  3   |
| 2017-10-06 | FRI |  15:00:00   | 23:00:00  |     ER     |  LPN  |  2   |
| 2017-10-06 | FRI |  15:00:00   | 23:00:00  |     ER     |  NP   |  3   |
| 2017-10-06 | FRI |  15:00:00   | 23:00:00  |     ER     |  CNS  |  3   |
| 2017-10-06 | FRI |  15:00:00   | 23:00:00  |     ER     |  NA   |  2   |
| 2017-10-06 | FRI |  23:00:00   | 07:00:00  |     ER     |  RN   |  2   |
| 2017-10-06 | FRI |  23:00:00   | 07:00:00  |     ER     |  LPN  |  2   |
| 2017-10-06 | FRI |  23:00:00   | 07:00:00  |     ER     |  NP   |  3   |
| 2017-10-06 | FRI |  23:00:00   | 07:00:00  |     ER     |  CNS  |  2   |
| 2017-10-06 | FRI |  23:00:00   | 07:00:00  |     ER     |  NA   |  2   |
| 2017-10-07 | SAT |  07:00:00   | 19:00:00  |     ER     |  RN   |  3   |
| 2017-10-07 | SAT |  07:00:00   | 19:00:00  |     ER     |  LPN  |  2   |
| 2017-10-07 | SAT |  07:00:00   | 19:00:00  |     ER     |  NP   |  2   |
| 2017-10-07 | SAT |  07:00:00   | 19:00:00  |     ER     |  CNS  |  3   |
| 2017-10-07 | SAT |  07:00:00   | 19:00:00  |     ER     |  NA   |  3   |
| 2017-10-07 | SAT |  19:00:00   | 07:00:00  |     ER     |  RN   |  2   |
| 2017-10-07 | SAT |  19:00:00   | 07:00:00  |     ER     |  LPN  |  3   |
| 2017-10-07 | SAT |  19:00:00   | 07:00:00  |     ER     |  NP   |  2   |
| 2017-10-07 | SAT |  19:00:00   | 07:00:00  |     ER     |  CNS  |  3   |
| 2017-10-07 | SAT |  19:00:00   | 07:00:00  |     ER     |  NA   |  2   |
--------------------------------------------------------------------------
------------------------------------------------------------------------------------------
|                         ER schedule for the week of 2017-10-01                         |
------------------------------------------------------------------------------------------
|    Date    | Day |   Last Name   |  First Name   | Phone Number |Shift Start|Shift End |
------------------------------------------------------------------------------------------
| 2017-10-01 | SUN |   Quarrick    |     Quinn     | 000-000-0017 | 07:00:00 | 19:00:00 |
| 2017-10-02 | MON |     Davis     |     Derek     | 000-000-0004 | 23:00:00 | 07:00:00 |
| 2017-10-02 | MON |    Elliott    |     Evan      | 000-000-0005 | 07:00:00 | 15:00:00 |
| 2017-10-02 | MON |    Morris     |     Mark      | 000-000-0013 | 07:00:00 | 15:00:00 |
| 2017-10-03 | TUE |    Morris     |     Mark      | 000-000-0013 | 23:00:00 | 07:00:00 |
| 2017-10-04 | WED |     Grant     |    George     | 000-000-0007 | 23:00:00 | 07:00:00 |
| 2017-10-04 | WED |    Joplin     |     Jack      | 000-000-0010 | 15:00:00 | 23:00:00 |
| 2017-10-05 | THU |    Landman    |     Lenny     | 000-000-0012 | 07:00:00 | 15:00:00 |
| 2017-10-06 | FRI |     Davis     |     Derek     | 000-000-0004 | 23:00:00 | 07:00:00 |
| 2017-10-06 | FRI |   Tarantino   |      Tom      | 000-000-0020 | 15:00:00 | 23:00:00 |
| 2017-10-07 | SAT |     Baker     |     Brad      | 000-000-0002 | 07:00:00 | 19:00:00 |
| 2017-10-07 | SAT |    Obrian     |     Orval     | 000-000-0015 | 19:00:00 | 07:00:00 |
| 2017-10-07 | SAT |    Parker     |     Peter     | 000-000-0016 | 19:00:00 | 07:00:00 |
------------------------------------------------------------------------------------------
-------------------------------------------------------------------------
|     Department costs per shift between 2017-10-01 and 2017-10-05      |
-------------------------------------------------------------------------
|  Department   |     Date      |  Shift Start  |   Shift End   | Cost  |
-------------------------------------------------------------------------
|      ER       |  2017-10-01   |   07:00:00    |   19:00:00    | 180.0 |
|      ER       |  2017-10-02   |   07:00:00    |   15:00:00    | 424.0 |
|      ER       |  2017-10-02   |   23:00:00    |   07:00:00    | 320.0 |
|      ER       |  2017-10-03   |   23:00:00    |   07:00:00    | 256.0 |
|      ER       |  2017-10-04   |   15:00:00    |   23:00:00    | 168.0 |
|      ER       |  2017-10-04   |   23:00:00    |   07:00:00    | 152.0 |
|      ER       |  2017-10-05   |   07:00:00    |   15:00:00    | 136.0 |
|      ICU      |  2017-10-01   |   07:00:00    |   19:00:00    | 252.0 |
|      ICU      |  2017-10-02   |   15:00:00    |   23:00:00    | 160.0 |
|      ICU      |  2017-10-02   |   23:00:00    |   07:00:00    | 464.0 |
|      ICU      |  2017-10-04   |   07:00:00    |   15:00:00    | 376.0 |
|      ICU      |  2017-10-05   |   15:00:00    |   23:00:00    | 136.0 |
|      MAT      |  2017-10-01   |   07:00:00    |   19:00:00    | 672.0 |
|      MAT      |  2017-10-02   |   07:00:00    |   15:00:00    | 184.0 |
|      MAT      |  2017-10-02   |   15:00:00    |   23:00:00    | 192.0 |
|      MAT      |  2017-10-03   |   07:00:00    |   15:00:00    | 520.0 |
|      MAT      |  2017-10-03   |   15:00:00    |   23:00:00    | 256.0 |
|      MAT      |  2017-10-04   |   07:00:00    |   15:00:00    | 184.0 |
|      MAT      |  2017-10-04   |   15:00:00    |   23:00:00    | 192.0 |
|      MAT      |  2017-10-04   |   23:00:00    |   07:00:00    | 120.0 |
|      MAT      |  2017-10-05   |   07:00:00    |   15:00:00    | 288.0 |
|      MAT      |  2017-10-05   |   15:00:00    |   23:00:00    | 120.0 |
|      OR       |  2017-10-01   |   07:00:00    |   19:00:00    | 252.0 |
|      OR       |  2017-10-01   |   19:00:00    |   07:00:00    | 594.0 |
|      OR       |  2017-10-02   |   07:00:00    |   15:00:00    | 408.0 |
|      OR       |  2017-10-03   |   07:00:00    |   15:00:00    | 120.0 |
|      OR       |  2017-10-03   |   15:00:00    |   23:00:00    | 180.0 |
|      OR       |  2017-10-03   |   23:00:00    |   07:00:00    | 672.0 |
|      OR       |  2017-10-04   |   15:00:00    |   23:00:00    | 296.0 |
|      OR       |  2017-10-04   |   23:00:00    |   07:00:00    | 256.0 |
|      OR       |  2017-10-05   |   07:00:00    |   15:00:00    | 168.0 |
|      OR       |  2017-10-05   |   15:00:00    |   23:00:00    | 256.0 |
|      OR       |  2017-10-05   |   23:00:00    |   07:00:00    | 376.0 |
|     PSYCH     |  2017-10-01   |   19:00:00    |   07:00:00    | 828.0 |
|     PSYCH     |  2017-10-02   |   07:00:00    |   15:00:00    | 592.0 |
|     PSYCH     |  2017-10-02   |   23:00:00    |   07:00:00    | 216.0 |
|     PSYCH     |  2017-10-03   |   15:00:00    |   23:00:00    | 184.0 |
|     PSYCH     |  2017-10-03   |   23:00:00    |   07:00:00    | 136.0 |
|     PSYCH     |  2017-10-04   |   15:00:00    |   23:00:00    | 320.0 |
|     PSYCH     |  2017-10-05   |   07:00:00    |   15:00:00    | 180.0 |
|     PSYCH     |  2017-10-05   |   15:00:00    |   23:00:00    | 320.0 |
|     QUAR      |  2017-10-01   |   07:00:00    |   19:00:00    | 648.0 |
|     QUAR      |  2017-10-02   |   15:00:00    |   23:00:00    | 256.0 |
|     QUAR      |  2017-10-02   |   23:00:00    |   07:00:00    | 180.0 |
|     QUAR      |  2017-10-03   |   07:00:00    |   15:00:00    | 296.0 |
|     QUAR      |  2017-10-03   |   15:00:00    |   23:00:00    | 616.0 |
|     QUAR      |  2017-10-03   |   23:00:00    |   07:00:00    | 120.0 |
|     QUAR      |  2017-10-04   |   07:00:00    |   15:00:00    | 304.0 |
|     QUAR      |  2017-10-05   |   07:00:00    |   15:00:00    | 256.0 |
-------------------------------------------------------------------------
