2017-10-01,SUN,19:00:00,07:00:00,Adam,Apple,OR,NP,2017-10-01
2017-10-02,MON,23:00:00,07:00:00,Adam,Apple,QUAR,NP,2017-10-01
2017-10-03,TUE,15:00:00,23:00:00,Adam,Apple,OR,NP,2017-10-01
2017-10-05,THU,07:00:00,15:00:00,Adam,Apple,PSYCH,NP,2017-10-01
2017-10-06,FRI,23:00:00,07:00:00,Adam,Apple,ICU,NP,2017-10-01
2017-10-09,MON,07:00:00,15:00:00,Adam,Apple,ICU,NP,2017-10-08
2017-10-10,TUE,15:00:00,23:00:00,Adam,Apple,OR,NP,2017-10-08
2017-10-11,WED,07:00:00,15:00:00,Adam,Apple,QUAR,NP,2017-10-08
2017-10-12,THU,23:00:00,07:00:00,Adam,Apple,QUAR,NP,2017-10-08
2017-10-13,FRI,15:00:00,23:00:00,Adam,Apple,MAT,NP,2017-10-08
2017-10-15,SUN,07:00:00,19:00:00,Adam,Apple,OR,NP,2017-10-15
2017-10-17,TUE,07:00:00,15:00:00,Adam,Apple,OR,NP,2017-10-15
2017-10-18,WED,23:00:00,07:00:00,Adam,Apple,QUAR,NP,2017-10-15
2017-10-19,THU,07:00:00,15:00:00,Adam,Apple,ICU,NP,2017-10-15
2017-10-21,SAT,07:00:00,19:00:00,Adam,Apple,OR,NP,2017-10-15
2017-10-22,SUN,19:00:00,07:00:00,Adam,Apple,ER,NP,2017-10-22
2017-10-23,MON,15:00:00,23:00:00,Adam,Apple,OR,NP,2017-10-22
2017-10-24,TUE,23:00:00,07:00:00,Adam,Apple,ER,NP,2017-10-22
2017-10-26,THU,23:00:00,07:00:00,Adam,Apple,PSYCH,NP,2017-10-22
2017-10-27,FRI,15:00:00,23:00:00,Adam,Apple,ER,NP,2017-10-22
2017-10-30,MON,07:00:00,15:00:00,Adam,Apple,OR,NP,2017-10-29
2017-10-31,TUE,23:00:00,07:00:00,Adam,Apple,ICU,NP,2017-10-29
2017-11-02,THU,23:00:00,07:00:00,Adam,Apple,ICU,NP,2017-10-29
2017-11-03,FRI,23:00:00,07:00:00,Adam,Apple,QUAR,NP,2017-10-29
2017-11-04,SAT,19:00:00,07:00:00,Adam,Apple,OR,NP,2017-10-29
2017-11-05,SUN,07:00:00,19:00:00,Adam,Apple,MAT,NP,2017-11-05
2017-11-07,TUE,23:00:00,07:00:00,Adam,Apple,MAT,NP,2017-11-05
2017-11-08,WED,23:00:00,07:00:00,Adam,Apple,MAT,NP,2017-11-05
2017-11-10,FRI,23:00:00,07:00:00,Adam,Apple,ER,NP,2017-11-05
2017-11-11,SAT,07:00:00,19:00:00,Adam,Apple,ICU,NP,2017-11-05
