OR,Adam,Apple,2017-10-01,19:00:00,07:00:00,12,22.5
MAT,Brad,Baker,2017-10-01,07:00:00,19:00:00,12,15
QUAR,Charles,Chaplan,2017-10-01,07:00:00,19:00:00,12,37
OR,Evan,Elliott,2017-10-01,07:00:00,19:00:00,12,21
MAT,Hank,Hamill,2017-10-01,07:00:00,19:00:00,12,21
ICU,Jack,Joplin,2017-10-01,07:00:00,19:00:00,12,21
MAT,Kevin,Keller,2017-10-01,07:00:00,19:00:00,12,20
QUAR,Lenny,Landman,2017-10-01,07:00:00,19:00:00,12,17
PSYCH,Orval,Obrian,2017-10-01,19:00:00,07:00:00,12,30
PSYCH,Peter,Parker,2017-10-01,19:00:00,07:00:00,12,39
ER,Quinn,Quarrick,2017-10-01,07:00:00,19:00:00,12,15
OR,Tom,Tarantino,2017-10-01,19:00:00,07:00:00,12,27
QUAR,Adam,Apple,2017-10-02,23:00:00,07:00:00,8,22.5
ICU,Charles,Chaplan,2017-10-02,23:00:00,07:00:00,8,37
ER,Derek,Davis,2017-10-02,23:00:00,07:00:00,8,40
ER,Evan,Elliott,2017-10-02,07:00:00,15:00:00,8,21
QUAR,Frank,Farris,2017-10-02,15:00:00,23:00:00,8,32
PSYCH,George,Grant,2017-10-02,07:00:00,15:00:00,8,19
ICU,Hank,Hamill,2017-10-02,23:00:00,07:00:00,8,21
MAT,Ivan,Ikarov,2017-10-02,15:00:00,23:00:00,8,24
OR,Jack,Joplin,2017-10-02,07:00:00,15:00:00,8,21
ICU,Kevin,Keller,2017-10-02,15:00:00,23:00:00,8,20
ER,Mark,Morris,2017-10-02,07:00:00,15:00:00,8,32
MAT,Nick,Norton,2017-10-02,07:00:00,15:00:00,8,23
OR,Orval,Obrian,2017-10-02,07:00:00,15:00:00,8,30
PSYCH,Robert,Rodgers,2017-10-02,07:00:00,15:00:00,8,17
PSYCH,Sam,Saville,2017-10-02,07:00:00,15:00:00,8,38
PSYCH,Tom,Tarantino,2017-10-02,23:00:00,07:00:00,8,27
OR,Adam,Apple,2017-10-03,15:00:00,23:00:00,8,22.5
OR,Brad,Baker,2017-10-03,07:00:00,15:00:00,8,15
QUAR,Charles,Chaplan,2017-10-03,07:00:00,15:00:00,8,37
OR,Evan,Elliott,2017-10-03,23:00:00,07:00:00,8,21
MAT,Frank,Farris,2017-10-03,15:00:00,23:00:00,8,32
OR,George,Grant,2017-10-03,23:00:00,07:00:00,8,19
MAT,Hank,Hamill,2017-10-03,07:00:00,15:00:00,8,21
OR,Ivan,Ikarov,2017-10-03,23:00:00,07:00:00,8,24
OR,Kevin,Keller,2017-10-03,23:00:00,07:00:00,8,20
MAT,Lenny,Landman,2017-10-03,07:00:00,15:00:00,8,17
ER,Mark,Morris,2017-10-03,23:00:00,07:00:00,8,32
PSYCH,Nick,Norton,2017-10-03,15:00:00,23:00:00,8,23
QUAR,Peter,Parker,2017-10-03,15:00:00,23:00:00,8,39
QUAR,Quinn,Quarrick,2017-10-03,23:00:00,07:00:00,8,15
PSYCH,Robert,Rodgers,2017-10-03,23:00:00,07:00:00,8,17
QUAR,Sam,Saville,2017-10-03,15:00:00,23:00:00,8,38
MAT,Tom,Tarantino,2017-10-03,07:00:00,15:00:00,8,27
MAT,Brad,Baker,2017-10-04,23:00:00,07:00:00,8,15
OR,Charles,Chaplan,2017-10-04,15:00:00,23:00:00,8,37
PSYCH,Derek,Davis,2017-10-04,15:00:00,23:00:00,8,40
OR,Frank,Farris,2017-10-04,23:00:00,07:00:00,8,32
ER,George,Grant,2017-10-04,23:00:00,07:00:00,8,19
MAT,Ivan,Ikarov,2017-10-04,15:00:00,23:00:00,8,24
ER,Jack,Joplin,2017-10-04,15:00:00,23:00:00,8,21
ICU,Lenny,Landman,2017-10-04,07:00:00,15:00:00,8,17
MAT,Nick,Norton,2017-10-04,07:00:00,15:00:00,8,23
ICU,Orval,Obrian,2017-10-04,07:00:00,15:00:00,8,30
QUAR,Sam,Saville,2017-10-04,07:00:00,15:00:00,8,38
PSYCH,Adam,Apple,2017-10-05,07:00:00,15:00:00,8,22.5
MAT,Brad,Baker,2017-10-05,07:00:00,15:00:00,8,15
PSYCH,Derek,Davis,2017-10-05,15:00:00,23:00:00,8,40
MAT,Evan,Elliott,2017-10-05,07:00:00,15:00:00,8,21
OR,Frank,Farris,2017-10-05,15:00:00,23:00:00,8,32
OR,Hank,Hamill,2017-10-05,07:00:00,15:00:00,8,21
OR,Ivan,Ikarov,2017-10-05,23:00:00,07:00:00,8,24
QUAR,Kevin,Keller,2017-10-05,23:00:00,07:00:00,8,20
ER,Lenny,Landman,2017-10-05,07:00:00,15:00:00,8,17
QUAR,Mark,Morris,2017-10-05,07:00:00,15:00:00,8,32
OR,Nick,Norton,2017-10-05,23:00:00,07:00:00,8,23
QUAR,Peter,Parker,2017-10-05,23:00:00,07:00:00,8,39
MAT,Quinn,Quarrick,2017-10-05,15:00:00,23:00:00,8,15
ICU,Robert,Rodgers,2017-10-05,15:00:00,23:00:00,8,17
